<?xml version="1.0" encoding="UTF-8"?>
<!-- Generated by org.testng.reporters.JUnitReportReporter -->
<testsuite skipped="0" hostname="CBJ-CCC2F-06" name="com.qa.datadrivenproject.testcases.LoginTestCases1" tests="3" failures="0" timestamp="19 Mar 2019 10:21:52 GMT" time="160.354" errors="0">
  <testcase name="login_Profile" time="47.385" classname="com.qa.datadrivenproject.testcases.LoginTestCases1"/>
  <testcase name="school_Login" time="60.515" classname="com.qa.datadrivenproject.testcases.LoginTestCases1"/>
  <testcase name="cooperation_Login" time="52.454" classname="com.qa.datadrivenproject.testcases.LoginTestCases1"/>
</testsuite> <!-- com.qa.datadrivenproject.testcases.LoginTestCases1 -->
