<?xml version="1.0" encoding="UTF-8"?>
<!-- Generated by org.testng.reporters.JUnitReportReporter -->
<testsuite skipped="0" hostname="CBJ-CCC2F-06" name="com.qa.datadrivenproject.testcases.NewPageTestCases" tests="1" failures="0" timestamp="19 Mar 2019 03:10:07 GMT" time="29.701" errors="0">
  <testcase name="pollsTestCases" time="29.701" classname="com.qa.datadrivenproject.testcases.NewPageTestCases"/>
</testsuite> <!-- com.qa.datadrivenproject.testcases.NewPageTestCases -->
