<?xml version="1.0" encoding="UTF-8"?>
<!-- Generated by org.testng.reporters.JUnitReportReporter -->
<testsuite skipped="0" hostname="CBJ-CCC2F-06" name="com.qa.datadrivenproject.testcases.HomePage_TestCases_1" tests="3" failures="0" timestamp="18 Mar 2019 11:37:11 GMT" time="88.833" errors="0">
  <testcase name="homePageVerification" time="37.275" classname="com.qa.datadrivenproject.testcases.HomePage_TestCases_1"/>
  <testcase name="homePageRedirection" time="27.809" classname="com.qa.datadrivenproject.testcases.HomePage_TestCases_1"/>
  <testcase name="homeDonatebutton" time="23.749" classname="com.qa.datadrivenproject.testcases.HomePage_TestCases_1"/>
</testsuite> <!-- com.qa.datadrivenproject.testcases.HomePage_TestCases_1 -->
